<?xml version="1.0" encoding="UTF-8" ?>
<testsuite failures="8" time="2.516" errors="0" skipped="0" tests="8" name="org.wso2.carbon.clustering.azure.AzureMembershipSchemeNGTest">
  <properties>
    <property name="java.runtime.name" value="Java(TM) SE Runtime Environment"/>
    <property name="sun.boot.library.path" value="C:\Program Files\Java\jdk1.7.0_79\jre\bin"/>
    <property name="java.vm.version" value="24.79-b02"/>
    <property name="java.vm.vendor" value="Oracle Corporation"/>
    <property name="java.vendor.url" value="http://java.oracle.com/"/>
    <property name="path.separator" value=";"/>
    <property name="guice.disable.misplaced.annotation.check" value="true"/>
    <property name="java.vm.name" value="Java HotSpot(TM) 64-Bit Server VM"/>
    <property name="file.encoding.pkg" value="sun.io"/>
    <property name="user.script" value=""/>
    <property name="user.country" value="US"/>
    <property name="sun.java.launcher" value="SUN_STANDARD"/>
    <property name="sun.os.patch.level" value=""/>
    <property name="java.vm.specification.name" value="Java Virtual Machine Specification"/>
    <property name="user.dir" value="C:\Users\Osura\Documents\NetBeansProjects\membershipScheme"/>
    <property name="java.runtime.version" value="1.7.0_79-b15"/>
    <property name="java.awt.graphicsenv" value="sun.awt.Win32GraphicsEnvironment"/>
    <property name="java.endorsed.dirs" value="C:\Program Files\Java\jdk1.7.0_79\jre\lib\endorsed"/>
    <property name="os.arch" value="amd64"/>
    <property name="java.io.tmpdir" value="C:\Users\Osura\AppData\Local\Temp\"/>
    <property name="line.separator" value="
"/>
    <property name="java.vm.specification.vendor" value="Oracle Corporation"/>
    <property name="user.variant" value=""/>
    <property name="os.name" value="Windows 8"/>
    <property name="classworlds.conf" value="C:\Program Files\NetBeans 7.2\java\maven\bin\m2.conf"/>
    <property name="sun.jnu.encoding" value="Cp1252"/>
    <property name="java.library.path" value="C:\Program Files\Java\jdk1.7.0_79\bin;C:\Windows\Sun\Java\bin;C:\Windows\system32;C:\Windows;C:\Program Files\apache-maven-3.3.9\bin;C:\Program Files\Git\cmd;C:\Program Files (x86)\Skype\Phone\;C:\Program Files\apache-maven-3.3.9\bin;."/>
    <property name="java.specification.name" value="Java Platform API Specification"/>
    <property name="java.class.version" value="51.0"/>
    <property name="sun.management.compiler" value="HotSpot 64-Bit Tiered Compilers"/>
    <property name="os.version" value="6.2"/>
    <property name="user.home" value="C:\Users\Osura"/>
    <property name="user.timezone" value="Asia/Colombo"/>
    <property name="java.awt.printerjob" value="sun.awt.windows.WPrinterJob"/>
    <property name="java.specification.version" value="1.7"/>
    <property name="file.encoding" value="Cp1252"/>
    <property name="user.name" value="Osura"/>
    <property name="java.class.path" value="C:\Program Files\NetBeans 7.2\java\maven\boot\plexus-classworlds-2.4.jar"/>
    <property name="java.vm.specification.version" value="1.7"/>
    <property name="sun.arch.data.model" value="64"/>
    <property name="java.home" value="C:\Program Files\Java\jdk1.7.0_79\jre"/>
    <property name="sun.java.command" value="org.codehaus.plexus.classworlds.launcher.Launcher clean install"/>
    <property name="java.specification.vendor" value="Oracle Corporation"/>
    <property name="user.language" value="en"/>
    <property name="awt.toolkit" value="sun.awt.windows.WToolkit"/>
    <property name="java.vm.info" value="mixed mode"/>
    <property name="java.version" value="1.7.0_79"/>
    <property name="java.ext.dirs" value="C:\Program Files\Java\jdk1.7.0_79\jre\lib\ext;C:\Windows\Sun\Java\lib\ext"/>
    <property name="sun.boot.class.path" value="C:\Program Files\Java\jdk1.7.0_79\jre\lib\resources.jar;C:\Program Files\Java\jdk1.7.0_79\jre\lib\rt.jar;C:\Program Files\Java\jdk1.7.0_79\jre\lib\sunrsasign.jar;C:\Program Files\Java\jdk1.7.0_79\jre\lib\jsse.jar;C:\Program Files\Java\jdk1.7.0_79\jre\lib\jce.jar;C:\Program Files\Java\jdk1.7.0_79\jre\lib\charsets.jar;C:\Program Files\Java\jdk1.7.0_79\jre\lib\jfr.jar;C:\Program Files\Java\jdk1.7.0_79\jre\classes"/>
    <property name="java.vendor" value="Oracle Corporation"/>
    <property name="maven.home" value="C:\Program Files\NetBeans 7.2\java\maven"/>
    <property name="file.separator" value="\"/>
    <property name="java.vendor.url.bug" value="http://bugreport.sun.com/bugreport/"/>
    <property name="sun.cpu.endian" value="little"/>
    <property name="sun.io.unicode.encoding" value="UnicodeLittle"/>
    <property name="sun.desktop" value="windows"/>
    <property name="sun.cpu.isalist" value="amd64"/>
  </properties>
  <testcase time="0.031" classname="org.wso2.carbon.clustering.azure.AzureMembershipSchemeNGTest" name="testFindVMIPaddresses">
    <failure type="java.lang.NullPointerException">java.lang.NullPointerException
	at org.wso2.carbon.clustering.azure.AzureMembershipSchemeNGTest.testFindVMIPaddresses(AzureMembershipSchemeNGTest.java:109)
</failure>
    <system-out>findVMIPaddresses
</system-out>
  </testcase>
  <testcase time="0" classname="org.wso2.carbon.clustering.azure.AzureMembershipSchemeNGTest" name="testGetAPIresponse">
    <failure type="java.lang.NullPointerException">java.lang.NullPointerException
	at org.wso2.carbon.clustering.azure.AzureMembershipSchemeNGTest.testGetAPIresponse(AzureMembershipSchemeNGTest.java:125)
</failure>
    <system-out>getAPIresponse
</system-out>
  </testcase>
  <testcase time="0" classname="org.wso2.carbon.clustering.azure.AzureMembershipSchemeNGTest" name="testGetConstant">
    <failure type="java.lang.NullPointerException">java.lang.NullPointerException
	at org.wso2.carbon.clustering.azure.AzureMembershipSchemeNGTest.testGetConstant(AzureMembershipSchemeNGTest.java:154)
</failure>
    <system-out>getConstant
</system-out>
  </testcase>
  <testcase time="0" classname="org.wso2.carbon.clustering.azure.AzureMembershipSchemeNGTest" name="testInit">
    <failure type="java.lang.NullPointerException">java.lang.NullPointerException
	at org.wso2.carbon.clustering.azure.AzureMembershipSchemeNGTest.testInit(AzureMembershipSchemeNGTest.java:91)
</failure>
    <system-out>init
</system-out>
  </testcase>
  <testcase time="0" classname="org.wso2.carbon.clustering.azure.AzureMembershipSchemeNGTest" name="testJoinGroup">
    <failure type="java.lang.NullPointerException">java.lang.NullPointerException
	at org.wso2.carbon.clustering.azure.AzureMembershipSchemeNGTest.testJoinGroup(AzureMembershipSchemeNGTest.java:138)
</failure>
    <system-out>joinGroup
</system-out>
  </testcase>
  <testcase time="0" classname="org.wso2.carbon.clustering.azure.AzureMembershipSchemeNGTest" name="testSetCarbonCluster">
    <failure type="java.lang.NullPointerException">java.lang.NullPointerException
	at org.wso2.carbon.clustering.azure.AzureMembershipSchemeNGTest.testSetCarbonCluster(AzureMembershipSchemeNGTest.java:79)
</failure>
    <system-out>setCarbonCluster
</system-out>
  </testcase>
  <testcase time="0" classname="org.wso2.carbon.clustering.azure.AzureMembershipSchemeNGTest" name="testSetLocalMember">
    <failure type="java.lang.NullPointerException">java.lang.NullPointerException
	at org.wso2.carbon.clustering.azure.AzureMembershipSchemeNGTest.testSetLocalMember(AzureMembershipSchemeNGTest.java:66)
</failure>
    <system-out>setLocalMember
</system-out>
  </testcase>
  <testcase time="0.016" classname="org.wso2.carbon.clustering.azure.AzureMembershipSchemeNGTest" name="testSetPrimaryHazelcastInstance">
    <failure type="java.lang.NullPointerException">java.lang.NullPointerException
	at org.wso2.carbon.clustering.azure.AzureMembershipSchemeNGTest.testSetPrimaryHazelcastInstance(AzureMembershipSchemeNGTest.java:53)
</failure>
    <system-out>setPrimaryHazelcastInstance
</system-out>
  </testcase>
</testsuite>